Using pre-set license
Built from '2020.2/release' branch; Version is '2020.2.1f1 (270dd8c3da1c) revision 2559448'; Using compiler version '192528614'; Build Type 'Release'
OS: 'Windows 10  (10.0.0) 64bit' Language: 'en' Physical Memory: 3918 MB
BatchMode: 1, IsHumanControllingUs: 0, StartBugReporterOnCrash: 0, Is64bit: 1, IsPro: 0

 COMMAND LINE ARGUMENTS:
C:\Program Files\Unity\2020.2.1f1\Editor\Unity.exe
-adb2
-batchMode
-noUpm
-name
AssetImportWorker5
-projectPath
C:/UnityWorkspace/My smart city/My-smart-city
-logFile
Logs/AssetImportWorker5.log
-srvPort
53739
Successfully changed project path to: C:/UnityWorkspace/My smart city/My-smart-city
C:/UnityWorkspace/My smart city/My-smart-city
Using Asset Import Pipeline V2.
